[    0.000000] Linux version 4.15.0-192-generic (buildd@lcy02-amd64-029) (gcc version 7.5.0 (Ubuntu 7.5.0-3ubuntu1~18.04)) #203-Ubuntu SMP Wed Aug 10 17:40:03 UTC 2022 (Ubuntu 4.15.0-192.203-generic 4.15.18)
[    0.000000] Command line: BOOT_IMAGE=/boot/vmlinuz-4.15.0-192-generic root=LABEL=cloudimg-rootfs ro console=tty1 console=ttyS0
[    0.000000] KERNEL supported cpus:
[    0.000000]   Intel GenuineIntel
[    0.000000]   AMD AuthenticAMD
[    0.000000]   Centaur CentaurHauls
[    0.000000] x86/fpu: Supporting XSAVE feature 0x001: 'x87 floating point registers'
[    0.000000] x86/fpu: Supporting XSAVE feature 0x002: 'SSE registers'
[    0.000000] x86/fpu: Supporting XSAVE feature 0x004: 'AVX registers'
[    0.000000] x86/fpu: xstate_offset[2]:  576, xstate_sizes[2]:  256
[    0.000000] x86/fpu: Enabled xstate features 0x7, context size is 832 bytes, using 'standard' format.
[    0.000000] e820: BIOS-provided physical RAM map:
[    0.000000] BIOS-e820: [mem 0x0000000000000000-0x000000000009fbff] usable
[    0.000000] BIOS-e820: [mem 0x000000000009fc00-0x000000000009ffff] reserved
[    0.000000] BIOS-e820: [mem 0x00000000000f0000-0x00000000000fffff] reserved
[    0.000000] BIOS-e820: [mem 0x0000000000100000-0x000000003ffeffff] usable
[    0.000000] BIOS-e820: [mem 0x000000003fff0000-0x000000003fffffff] ACPI data
[    0.000000] BIOS-e820: [mem 0x00000000fec00000-0x00000000fec00fff] reserved
[    0.000000] BIOS-e820: [mem 0x00000000fee00000-0x00000000fee00fff] reserved
[    0.000000] BIOS-e820: [mem 0x00000000fffc0000-0x00000000ffffffff] reserved
[    0.000000] NX (Execute Disable) protection: active
[    0.000000] SMBIOS 2.5 present.
[    0.000000] DMI: innotek GmbH VirtualBox/VirtualBox, BIOS VirtualBox 12/01/2006
[    0.000000] Hypervisor detected: KVM
[    0.000000] e820: last_pfn = 0x3fff0 max_arch_pfn = 0x400000000
[    0.000000] MTRR: Disabled
[    0.000000] x86/PAT: MTRRs disabled, skipping PAT initialization too.
[    0.000000] CPU MTRRs all blank - virtualized system.
[    0.000000] x86/PAT: Configuration [0-7]: WB  WT  UC- UC  WB  WT  UC- UC  
[    0.000000] found SMP MP-table at [mem 0x0009fff0-0x0009ffff]
[    0.000000] Scanning 1 areas for low memory corruption
[    0.000000] RAMDISK: [mem 0x359cb000-0x36cdcfff]
[    0.000000] ACPI: Early table checksum verification disabled
[    0.000000] ACPI: RSDP 0x00000000000E0000 000024 (v02 VBOX  )
[    0.000000] ACPI: XSDT 0x000000003FFF0030 00003C (v01 VBOX   VBOXXSDT 00000001 ASL  00000061)
[    0.000000] ACPI: FACP 0x000000003FFF00F0 0000F4 (v04 VBOX   VBOXFACP 00000001 ASL  00000061)
[    0.000000] ACPI: DSDT 0x000000003FFF0470 002325 (v02 VBOX   VBOXBIOS 00000002 INTL 20190509)
[    0.000000] ACPI: FACS 0x000000003FFF0200 000040
[    0.000000] ACPI: FACS 0x000000003FFF0200 000040
[    0.000000] ACPI: APIC 0x000000003FFF0240 00005C (v02 VBOX   VBOXAPIC 00000001 ASL  00000061)
[    0.000000] ACPI: SSDT 0x000000003FFF02A0 0001CC (v01 VBOX   VBOXCPUT 00000002 INTL 20190509)
[    0.000000] ACPI: Reserving FACP table memory at [mem 0x3fff00f0-0x3fff01e3]
[    0.000000] ACPI: Reserving DSDT table memory at [mem 0x3fff0470-0x3fff2794]
[    0.000000] ACPI: Reserving FACS table memory at [mem 0x3fff0200-0x3fff023f]
[    0.000000] ACPI: Reserving FACS table memory at [mem 0x3fff0200-0x3fff023f]
[    0.000000] ACPI: Reserving APIC table memory at [mem 0x3fff0240-0x3fff029b]
[    0.000000] ACPI: Reserving SSDT table memory at [mem 0x3fff02a0-0x3fff046b]
[    0.000000] No NUMA configuration found
[    0.000000] Faking a node at [mem 0x0000000000000000-0x000000003ffeffff]
[    0.000000] NODE_DATA(0) allocated [mem 0x3ffc5000-0x3ffeffff]
[    0.000000] kvm-clock: cpu 0, msr 0:3ff44001, primary cpu clock
[    0.000000] kvm-clock: Using msrs 4b564d01 and 4b564d00
[    0.000000] kvm-clock: using sched offset of 4210879533 cycles
[    0.000000] clocksource: kvm-clock: mask: 0xffffffffffffffff max_cycles: 0x1cd42e4dffb, max_idle_ns: 881590591483 ns
[    0.000000] Zone ranges:
[    0.000000]   DMA      [mem 0x0000000000001000-0x0000000000ffffff]
[    0.000000]   DMA32    [mem 0x0000000001000000-0x000000003ffeffff]
[    0.000000]   Normal   empty
[    0.000000]   Device   empty
[    0.000000] Movable zone start for each node
[    0.000000] Early memory node ranges
[    0.000000]   node   0: [mem 0x0000000000001000-0x000000000009efff]
[    0.000000]   node   0: [mem 0x0000000000100000-0x000000003ffeffff]
[    0.000000] Reserved but unavailable: 104 pages
[    0.000000] Initmem setup node 0 [mem 0x0000000000001000-0x000000003ffeffff]
[    0.000000] ACPI: PM-Timer IO Port: 0x4008
[    0.000000] IOAPIC[0]: apic_id 2, version 32, address 0xfec00000, GSI 0-23
[    0.000000] ACPI: INT_SRC_OVR (bus 0 bus_irq 0 global_irq 2 dfl dfl)
[    0.000000] ACPI: INT_SRC_OVR (bus 0 bus_irq 9 global_irq 9 low level)
[    0.000000] Using ACPI (MADT) for SMP configuration information
[    0.000000] smpboot: Allowing 2 CPUs, 0 hotplug CPUs
[    0.000000] PM: Registered nosave memory: [mem 0x00000000-0x00000fff]
[    0.000000] PM: Registered nosave memory: [mem 0x0009f000-0x0009ffff]
[    0.000000] PM: Registered nosave memory: [mem 0x000a0000-0x000effff]
[    0.000000] PM: Registered nosave memory: [mem 0x000f0000-0x000fffff]
[    0.000000] e820: [mem 0x40000000-0xfebfffff] available for PCI devices
[    0.000000] Booting paravirtualized kernel on KVM
[    0.000000] clocksource: refined-jiffies: mask: 0xffffffff max_cycles: 0xffffffff, max_idle_ns: 7645519600211568 ns
[    0.000000] random: get_random_bytes called from start_kernel+0x99/0x500 with crng_init=0
[    0.000000] setup_percpu: NR_CPUS:8192 nr_cpumask_bits:2 nr_cpu_ids:2 nr_node_ids:1
[    0.000000] percpu: Embedded 50 pages/cpu s167936 r8192 d28672 u1048576
[    0.000000] PV qspinlock hash table entries: 256 (order: 0, 4096 bytes)
[    0.000000] Built 1 zonelists, mobility grouping on.  Total pages: 257913
[    0.000000] Policy zone: DMA32
[    0.000000] Kernel command line: BOOT_IMAGE=/boot/vmlinuz-4.15.0-192-generic root=LABEL=cloudimg-rootfs ro console=tty1 console=ttyS0
[    0.000000] Memory: 982648K/1048120K available (12300K kernel code, 2484K rwdata, 4324K rodata, 2468K init, 2724K bss, 65472K reserved, 0K cma-reserved)
[    0.000000] SLUB: HWalign=64, Order=0-3, MinObjects=0, CPUs=2, Nodes=1
[    0.000000] Kernel/User page tables isolation: enabled
[    0.000000] ftrace: allocating 39482 entries in 155 pages
[    0.004000] Hierarchical RCU implementation.
[    0.004000] 	RCU restricting CPUs from NR_CPUS=8192 to nr_cpu_ids=2.
[    0.004000] 	Tasks RCU enabled.
[    0.004000] RCU: Adjusting geometry for rcu_fanout_leaf=16, nr_cpu_ids=2
[    0.004000] NR_IRQS: 524544, nr_irqs: 440, preallocated irqs: 16
[    0.004000] Console: colour VGA+ 80x25
[    0.004000] console [tty1] enabled
[    0.004000] console [ttyS0] enabled
[    0.004000] ACPI: Core revision 20170831
[    0.004000] ACPI: 2 ACPI AML tables successfully acquired and loaded
[    0.004000] APIC: Switch to symmetric I/O mode setup
[    0.004000] x2apic enabled
[    0.004000] Switched APIC routing to physical x2apic.
[    0.004000] ..TIMER: vector=0x30 apic1=0 pin1=2 apic2=-1 pin2=-1
[    0.004007] tsc: Detected 3407.998 MHz processor
[    0.005049] Calibrating delay loop (skipped) preset value.. 6815.99 BogoMIPS (lpj=13631992)
[    0.008004] pid_max: default: 32768 minimum: 301
[    0.008993] Security Framework initialized
[    0.009869] Yama: becoming mindful.
[    0.010721] AppArmor: AppArmor initialized
[    0.012725] Dentry cache hash table entries: 131072 (order: 8, 1048576 bytes)
[    0.014194] Inode-cache hash table entries: 65536 (order: 7, 524288 bytes)
[    0.015596] Mount-cache hash table entries: 2048 (order: 2, 16384 bytes)
[    0.016006] Mountpoint-cache hash table entries: 2048 (order: 2, 16384 bytes)
[    0.017693] Last level iTLB entries: 4KB 64, 2MB 8, 4MB 8
[    0.018797] Last level dTLB entries: 4KB 64, 2MB 0, 4MB 0, 1GB 4
[    0.020006] Spectre V1 : Mitigation: usercopy/swapgs barriers and __user pointer sanitization
[    0.021876] Spectre V2 : Mitigation: Retpolines
[    0.022846] Spectre V2 : Spectre v2 / SpectreRSB mitigation: Filling RSB on context switch
[    0.024002] Speculative Store Bypass: Vulnerable
[    0.025273] MDS: Mitigation: Clear CPU buffers
[    0.028002] MMIO Stale Data: Mitigation: Clear CPU buffers
[    0.029270] SRBDS: Unknown: Dependent on hypervisor status
[    0.030711] Freeing SMP alternatives memory: 36K
[    0.142799] smpboot: CPU0: Intel(R) Core(TM) i7-6700 CPU @ 3.40GHz (family: 0x6, model: 0x5e, stepping: 0x3)
[    0.144000] Performance Events: unsupported p6 CPU model 94 no PMU driver, software events only.
[    0.144053] Hierarchical SRCU implementation.
[    0.145926] NMI watchdog: Perf event create on CPU 0 failed with -2
[    0.147105] NMI watchdog: Perf NMI watchdog permanently disabled
[    0.148050] smp: Bringing up secondary CPUs ...
[    0.148982] x86: Booting SMP configuration:
[    0.149828] .... node  #0, CPUs:      #1
[    0.004000] kvm-clock: cpu 1, msr 0:3ff44041, secondary cpu clock
[    0.156026] smp: Brought up 1 node, 2 CPUs
[    0.156959] smpboot: Max logical packages: 1
[    0.157928] smpboot: Total of 2 processors activated (13631.99 BogoMIPS)
[    0.160065] devtmpfs: initialized
[    0.160832] x86/mm: Memory block size: 128MB
[    0.161920] evm: security.selinux
[    0.162679] evm: security.SMACK64
[    0.163481] evm: security.SMACK64EXEC
[    0.164005] evm: security.SMACK64TRANSMUTE
[    0.164988] evm: security.SMACK64MMAP
[    0.165891] evm: security.apparmor
[    0.166781] evm: security.ima
[    0.168004] evm: security.capability
[    0.168926] clocksource: jiffies: mask: 0xffffffff max_cycles: 0xffffffff, max_idle_ns: 7645041785100000 ns
[    0.170146] futex hash table entries: 512 (order: 3, 32768 bytes)
[    0.172064] pinctrl core: initialized pinctrl subsystem
[    0.173797] RTC time: 14:39:13, date: 09/21/22
[    0.174977] NET: Registered protocol family 16
[    0.176091] audit: initializing netlink subsys (disabled)
[    0.177362] audit: type=2000 audit(1663771159.431:1): state=initialized audit_enabled=0 res=1
[    0.180016] cpuidle: using governor ladder
[    0.181027] cpuidle: using governor menu
[    0.182020] ACPI: bus type PCI registered
[    0.182990] acpiphp: ACPI Hot Plug PCI Controller Driver version: 0.5
[    0.184100] PCI: Using configuration type 1 for base access
[    0.185226] HugeTLB registered 2.00 MiB page size, pre-allocated 0 pages
[    0.188075] ACPI: Added _OSI(Module Device)
[    0.189057] ACPI: Added _OSI(Processor Device)
[    0.190110] ACPI: Added _OSI(3.0 _SCP Extensions)
[    0.191226] ACPI: Added _OSI(Processor Aggregator Device)
[    0.192003] ACPI: Added _OSI(Linux-Dell-Video)
[    0.193051] ACPI: Added _OSI(Linux-Lenovo-NV-HDMI-Audio)
[    0.194303] ACPI: Added _OSI(Linux-HPI-Hybrid-Graphics)
[    0.196328] ACPI: Executed 1 blocks of module-level executable AML code
[    0.202554] ACPI: Interpreter enabled
[    0.203505] ACPI: (supports S0 S5)
[    0.204004] ACPI: Using IOAPIC for interrupt routing
[    0.205197] PCI: Using host bridge windows from ACPI; if necessary, use "pci=nocrs" and report a bug
[    0.207192] ACPI: Enabled 2 GPEs in block 00 to 07
[    0.215179] ACPI: PCI Root Bridge [PCI0] (domain 0000 [bus 00-ff])
[    0.216009] acpi PNP0A03:00: _OSC: OS supports [ASPM ClockPM Segments MSI]
[    0.218177] acpi PNP0A03:00: _OSC: not requesting OS control; OS requires [ExtendedConfig ASPM ClockPM MSI]
[    0.220025] acpi PNP0A03:00: fail to add MMCONFIG information, can't access extended PCI configuration space under this bridge.
[    0.224498] PCI host bridge to bus 0000:00
[    0.228006] pci_bus 0000:00: root bus resource [io  0x0000-0x0cf7 window]
[    0.232005] pci_bus 0000:00: root bus resource [io  0x0d00-0xffff window]
[    0.233926] pci_bus 0000:00: root bus resource [mem 0x000a0000-0x000bffff window]
[    0.236006] pci_bus 0000:00: root bus resource [mem 0x40000000-0xfdffffff window]
[    0.237799] pci_bus 0000:00: root bus resource [bus 00-ff]
[    0.244600] pci 0000:00:01.1: legacy IDE quirk: reg 0x10: [io  0x01f0-0x01f7]
[    0.246286] pci 0000:00:01.1: legacy IDE quirk: reg 0x14: [io  0x03f6]
[    0.247792] pci 0000:00:01.1: legacy IDE quirk: reg 0x18: [io  0x0170-0x0177]
[    0.248005] pci 0000:00:01.1: legacy IDE quirk: reg 0x1c: [io  0x0376]
[    0.265634] pci 0000:00:07.0: quirk: [io  0x4000-0x403f] claimed by PIIX4 ACPI
[    0.267460] pci 0000:00:07.0: quirk: [io  0x4100-0x410f] claimed by PIIX4 SMB
[    0.277853] ACPI: PCI Interrupt Link [LNKA] (IRQs 5 9 10 *11)
[    0.279447] ACPI: PCI Interrupt Link [LNKB] (IRQs 5 9 *10 11)
[    0.280116] ACPI: PCI Interrupt Link [LNKC] (IRQs 5 *9 10 11)
[    0.281455] ACPI: PCI Interrupt Link [LNKD] (IRQs 5 9 10 *11)
[    0.283061] SCSI subsystem initialized
[    0.284041] pci 0000:00:02.0: vgaarb: setting as boot VGA device
[    0.285471] pci 0000:00:02.0: vgaarb: VGA device added: decodes=io+mem,owns=io+mem,locks=none
[    0.288009] pci 0000:00:02.0: vgaarb: bridge control possible
[    0.289380] vgaarb: loaded
[    0.290119] ACPI: bus type USB registered
[    0.291132] usbcore: registered new interface driver usbfs
[    0.292016] usbcore: registered new interface driver hub
[    0.293321] usbcore: registered new device driver usb
[    0.294596] EDAC MC: Ver: 3.0.0
[    0.296213] PCI: Using ACPI for IRQ routing
[    0.297312] NetLabel: Initializing
[    0.298185] NetLabel:  domain hash size = 128
[    0.300003] NetLabel:  protocols = UNLABELED CIPSOv4 CALIPSO
[    0.301383] NetLabel:  unlabeled traffic allowed by default
[    0.302761] clocksource: Switched to clocksource kvm-clock
[    0.311429] VFS: Disk quotas dquot_6.6.0
[    0.312540] VFS: Dquot-cache hash table entries: 512 (order 0, 4096 bytes)
[    0.314251] AppArmor: AppArmor Filesystem Enabled
[    0.315442] pnp: PnP ACPI init
[    0.317232] pnp: PnP ACPI: found 3 devices
[    0.326418] clocksource: acpi_pm: mask: 0xffffff max_cycles: 0xffffff, max_idle_ns: 2085701024 ns
[    0.330935] NET: Registered protocol family 2
[    0.332059] IP idents hash table entries: 16384 (order: 5, 131072 bytes)
[    0.334188] TCP established hash table entries: 8192 (order: 4, 65536 bytes)
[    0.335941] TCP bind hash table entries: 8192 (order: 5, 131072 bytes)
[    0.337360] TCP: Hash tables configured (established 8192 bind 8192)
[    0.338532] UDP hash table entries: 512 (order: 2, 16384 bytes)
[    0.339717] UDP-Lite hash table entries: 512 (order: 2, 16384 bytes)
[    0.341126] NET: Registered protocol family 1
[    0.342109] pci 0000:00:00.0: Limiting direct PCI/PCI transfers
[    0.343396] pci 0000:00:01.0: Activating ISA DMA hang workarounds
[    0.344747] pci 0000:00:02.0: Video device with shadowed ROM at [mem 0x000c0000-0x000dffff]
[    0.346519] Unpacking initramfs...
[    0.593721] Freeing initrd memory: 19528K
[    0.594838] clocksource: tsc: mask: 0xffffffffffffffff max_cycles: 0x311fd208cfc, max_idle_ns: 440795283699 ns
[    0.597364] platform rtc_cmos: registered platform RTC device (no PNP device found)
[    0.599821] Scanning for low memory corruption every 60 seconds
[    0.601923] Initialise system trusted keyrings
[    0.603159] Key type blacklist registered
[    0.604337] workingset: timestamp_bits=36 max_order=18 bucket_order=0
[    0.606875] zbud: loaded
[    0.608123] squashfs: version 4.0 (2009/01/31) Phillip Lougher
[    0.609750] fuse init (API version 7.26)
[    0.612751] Key type asymmetric registered
[    0.613582] Asymmetric key parser 'x509' registered
[    0.614678] Block layer SCSI generic (bsg) driver version 0.4 loaded (major 246)
[    0.616510] io scheduler noop registered
[    0.617427] io scheduler deadline registered
[    0.618553] io scheduler cfq registered (default)
[    0.619980] ACPI: AC Adapter [AC] (on-line)
[    0.621089] input: Power Button as /devices/LNXSYSTM:00/LNXPWRBN:00/input/input0
[    0.622841] ACPI: Power Button [PWRF]
[    0.623883] input: Sleep Button as /devices/LNXSYSTM:00/LNXSLPBN:00/input/input1
[    0.625754] ACPI: Sleep Button [SLPF]
[    0.627243] Serial: 8250/16550 driver, 32 ports, IRQ sharing enabled
[    0.649939] 00:02: ttyS0 at I/O 0x3f8 (irq = 4, base_baud = 115200) is a 16550A
[    0.654603] Linux agpgart interface v0.103
[    0.656737] loop: module loaded
[    0.657849] scsi host0: ata_piix
[    0.658758] scsi host1: ata_piix
[    0.659593] ata1: PATA max UDMA/33 cmd 0x1f0 ctl 0x3f6 bmdma 0xd000 irq 14
[    0.661085] ata2: PATA max UDMA/33 cmd 0x170 ctl 0x376 bmdma 0xd008 irq 15
[    0.662410] tun: Universal TUN/TAP device driver, 1.6
[    0.663704] PPP generic driver version 2.4.2
[    0.664849] ehci_hcd: USB 2.0 'Enhanced' Host Controller (EHCI) Driver
[    0.666458] ehci-pci: EHCI PCI platform driver
[    0.667604] ehci-platform: EHCI generic platform driver
[    0.669177] ohci_hcd: USB 1.1 'Open' Host Controller (OHCI) Driver
[    0.670731] ohci-pci: OHCI PCI platform driver
[    0.671878] ohci-platform: OHCI generic platform driver
[    0.673208] uhci_hcd: USB Universal Host Controller Interface driver
[    0.674902] i8042: PNP: PS/2 Controller [PNP0303:PS2K,PNP0f03:PS2M] at 0x60,0x64 irq 1,12
[    0.677399] serio: i8042 KBD port at 0x60,0x64 irq 1
[    0.678605] serio: i8042 AUX port at 0x60,0x64 irq 12
[    0.681253] mousedev: PS/2 mouse device common for all mice
[    0.683764] input: AT Translated Set 2 keyboard as /devices/platform/i8042/serio0/input/input2
[    0.686327] rtc_cmos rtc_cmos: rtc core: registered rtc_cmos as rtc0
[    0.687870] rtc_cmos rtc_cmos: alarms up to one day, 114 bytes nvram
[    0.689350] i2c /dev entries driver
[    0.690362] device-mapper: uevent: version 1.0.3
[    0.691690] device-mapper: ioctl: 4.37.0-ioctl (2017-09-20) initialised: dm-devel@redhat.com
[    0.693672] ledtrig-cpu: registered to indicate activity on CPUs
[    0.695296] NET: Registered protocol family 10
[    0.699502] Segment Routing with IPv6
[    0.700461] NET: Registered protocol family 17
[    0.701640] Key type dns_resolver registered
[    0.702894] mce: Using 0 MCE banks
[    0.703780] RAS: Correctable Errors collector initialized.
[    0.705130] sched_clock: Marking stable (705110449, 0)->(905363432, -200252983)
[    0.707356] registered taskstats version 1
[    0.708275] Loading compiled-in X.509 certificates
[    0.711261] Loaded X.509 cert 'Build time autogenerated kernel key: af04d57e94487e4500da7630f19b69a59e91d95a'
[    0.713826] Loaded X.509 cert 'Canonical Ltd. Live Patch Signing: 14df34d1a87cf37625abec039ef2bf521249b969'
[    0.716188] Loaded X.509 cert 'Canonical Ltd. Kernel Module Signing: 88f752e560a1e0737e31163a466ad7b70a850c19'
[    0.718672] blacklist: Loading compiled-in revocation X.509 certificates
[    0.720325] Loaded X.509 cert 'Canonical Ltd. Secure Boot Signing: 61482aa2830d0ab2ad5af10b7250da9033ddcef0'
[    0.722683] zswap: loaded using pool lzo/zbud
[    0.727195] Key type big_key registered
[    0.728198] Key type trusted registered
[    0.730788] Key type encrypted registered
[    0.731816] AppArmor: AppArmor sha1 policy hashing enabled
[    0.733236] ima: No TPM chip found, activating TPM-bypass! (rc=-19)
[    0.734746] ima: Allocated hash algorithm: sha1
[    0.735771] evm: HMAC attrs: 0x1
[    0.736815]   Magic number: 6:215:688
[    0.737690] rtc_cmos rtc_cmos: setting system clock to 2022-09-21 14:39:14 UTC (1663771154)
[    0.739495] BIOS EDD facility v0.16 2004-Jun-25, 0 devices found
[    0.740791] EDD information not available.
[    0.849323] Freeing unused kernel image memory: 2468K
[    0.860146] Write protecting the kernel read-only data: 20480k
[    0.862917] Freeing unused kernel image memory: 2008K
[    0.865301] Freeing unused kernel image memory: 1820K
[    0.880593] x86/mm: Checked W+X mappings: passed, no W+X pages found.
[    0.882596] x86/mm: Checking user space page tables
[    0.897535] x86/mm: Checked W+X mappings: passed, no W+X pages found.
Loading, please wait...
starting version 237
[    0.981413] e1000: Intel(R) PRO/1000 Network Driver - version 7.3.21-k8-NAPI
[    0.982666] e1000: Copyright (c) 1999-2006 Intel Corporation.
[    0.987635] Fusion MPT base driver 3.04.20
[    0.988484] Copyright (c) 1999-2008 LSI Corporation
[    1.007625] Fusion MPT SPI Host driver 3.04.20
[    1.011103] AVX2 version of gcm_enc/dec engaged.
[    1.011992] AES CTR mode by8 optimization enabled
[    1.197350] input: ImExPS/2 Generic Explorer Mouse as /devices/platform/i8042/serio1/input/input4
[    1.389243] e1000 0000:00:03.0 eth0: (PCI:33MHz:32-bit) 02:de:0f:a2:7f:32
[    1.390817] e1000 0000:00:03.0 eth0: Intel(R) PRO/1000 Network Connection
[    1.393328] mptbase: ioc0: Initiating bringup
[    1.488777] ioc0: LSI53C1030 A0: Capabilities={Initiator}
[    1.750067] scsi host2: ioc0: LSI53C1030 A0, FwRev=00000000h, Ports=1, MaxQ=256, IRQ=20
[    1.924435] scsi 2:0:0:0: Direct-Access     VBOX     HARDDISK         1.0  PQ: 0 ANSI: 5
[    1.956057] scsi target2:0:0: Beginning Domain Validation
[    1.958991] scsi target2:0:0: Domain Validation skipping write tests
[    1.960494] scsi target2:0:0: Ending Domain Validation
[    1.970385] scsi target2:0:0: asynchronous
[    1.988947] scsi 2:0:1:0: Direct-Access     VBOX     HARDDISK         1.0  PQ: 0 ANSI: 5
[    2.021238] scsi target2:0:1: Beginning Domain Validation
[    2.040917] random: fast init done
[    2.041859] scsi target2:0:1: Domain Validation skipping write tests
[    2.042994] scsi target2:0:1: Ending Domain Validation
[    2.043980] scsi target2:0:1: asynchronous
[    2.047654] random: systemd-udevd: uninitialized urandom read (16 bytes read)
[    2.049253] random: systemd-udevd: uninitialized urandom read (16 bytes read)
[    2.050846] random: systemd-udevd: uninitialized urandom read (16 bytes read)
[    2.053978] sd 2:0:0:0: [sda] 83886080 512-byte logical blocks: (42.9 GB/40.0 GiB)
[    2.055826] sd 2:0:0:0: [sda] Write Protect is off
[    2.056969] sd 2:0:0:0: Attached scsi generic sg0 type 0
[    2.058241] sd 2:0:0:0: [sda] Incomplete mode parameter data
[    2.059507] sd 2:0:0:0: [sda] Assuming drive cache: write through
[    2.061206] sd 2:0:1:0: Attached scsi generic sg1 type 0
[    2.071110] sd 2:0:1:0: [sdb] 20480 512-byte logical blocks: (10.5 MB/10.0 MiB)
[    2.077019] sd 2:0:1:0: [sdb] Write Protect is off
[    2.080127] sd 2:0:1:0: [sdb] Incomplete mode parameter data
[    2.081410] sd 2:0:1:0: [sdb] Assuming drive cache: write through
[    2.125268]  sda: sda1
[    2.126546] sd 2:0:0:0: [sda] Attached SCSI disk
[    2.217522] sd 2:0:1:0: [sdb] Attached SCSI disk
[    2.320995] e1000 0000:00:08.0 eth1: (PCI:33MHz:32-bit) 08:00:27:e6:db:56
[    2.322455] e1000 0000:00:08.0 eth1: Intel(R) PRO/1000 Network Connection
[    2.325018] e1000 0000:00:03.0 enp0s3: renamed from eth0
[    2.340529] e1000 0000:00:08.0 enp0s8: renamed from eth1
Begin: Loading essential drivers ... [    3.972043] raid6: sse2x1   gen() 11902 MB/s
[    4.020057] raid6: sse2x1   xor()  7698 MB/s
[    4.068048] raid6: sse2x2   gen() 15393 MB/s
[    4.116039] raid6: sse2x2   xor()  9974 MB/s
[    4.164056] raid6: sse2x4   gen() 16499 MB/s
[    4.212052] raid6: sse2x4   xor() 11021 MB/s
[    4.260051] raid6: avx2x1   gen() 25454 MB/s
[    4.308052] raid6: avx2x1   xor() 17309 MB/s
[    4.356056] raid6: avx2x2   gen() 29968 MB/s
[    4.404048] raid6: avx2x2   xor() 19885 MB/s
[    4.452049] raid6: avx2x4   gen() 33306 MB/s
[    4.500062] raid6: avx2x4   xor() 21288 MB/s
[    4.501270] raid6: using algorithm avx2x4 gen() 33306 MB/s
[    4.502547] raid6: .... xor() 21288 MB/s, rmw enabled
[    4.505188] raid6: using avx2x2 recovery algorithm
[    4.507775] xor: automatically using best checksumming function   avx       
[    4.510063] async_tx: api initialized (async)
done.
Begin: Running /scripts/init-premount ... done.
Begin: Mounting root file system ... Begin: Running /scripts/local-top ... done.
Begin: Running /scripts/local-premount ... [    4.555903] Btrfs loaded, crc32c=crc32c-intel
Scanning for Btrfs filesystems
done.
Warning: fsck not present, so skipping root file system
[    5.358013] EXT4-fs (sda1): mounted filesystem with ordered data mode. Opts: (null)
done.
Begin: Running /scripts/local-bottom ... done.
Begin: Running /scripts/init-bottom ... done.
[    7.574328] random: crng init done
[    7.579267] random: 7 urandom warning(s) missed due to ratelimiting
[    8.096774] ip_tables: (C) 2000-2006 Netfilter Core Team
[    8.191792] systemd[1]: systemd 237 running in system mode. (+PAM +AUDIT +SELINUX +IMA +APPARMOR +SMACK +SYSVINIT +UTMP +LIBCRYPTSETUP +GCRYPT +GNUTLS +ACL +XZ +LZ4 +SECCOMP +BLKID +ELFUTILS +KMOD -IDN2 +IDN -PCRE2 default-hierarchy=hybrid)
[    8.197263] systemd[1]: Detected virtualization oracle.
[    8.198702] systemd[1]: Detected architecture x86-64.

Welcome to [1mUbuntu 18.04.6 LTS[0m!

[    8.235544] systemd[1]: Set hostname to <ubuntu>.
[    8.278391] systemd[1]: Initializing machine ID from random generator.
[    8.280113] systemd[1]: Installed transient /etc/machine-id file.
[    9.246996] systemd[1]: Reached target Swap.
[[0;32m  OK  [0m] Reached target Swap.
[    9.250000] systemd[1]: Created slice User and Session Slice.
[[0;32m  OK  [0m] Created slice User and Session Slice.
[    9.251856] systemd[1]: Reached target System Time Synchronized.
[[0;32m  OK  [0m] Reached target System Time Synchronized.
[    9.253791] systemd[1]: Started Forward Password Requests to Wall Directory Watch.
[[0;32m  OK  [0m] Started Forward Password Requests to Wall Directory Watch.
[[0;32m  OK  [0m] Created slice System Slice.
[[0;32m  OK  [0m] Listening on udev Control Socket.
[[0;32m  OK  [0m] Listening on Journal Socket.
[[0;32m  OK  [0m] Listening on LVM2 metadata daemon socket.
[[0;32m  OK  [0m] Listening on udev Kernel Socket.
[[0;32m  OK  [0m] Created slice system-serial\x2dgetty.slice.
[[0;32m  OK  [0m] Listening on Journal Audit Socket.
         Starting Load Kernel Modules...
[[0;32m  OK  [0m] Listening on Device-mapper event daemon FIFOs.
         Starting udev Coldplug all Devices...
         Starting Create list of required st…ce nodes for the current kernel...
         Starting Uncomplicated firewall...
         Starting Set the console keyboard layout...
[[0;32m  OK  [0m] Listening on Network Service Netlink Socket.
         Starting Monitoring of LVM2 mirrors…ng dmeventd or progress polling...
         Mounting POSIX Message Queue File System...
[[0;32m  OK  [0m] Listening on Journal Socket (/dev/log).
[[0;32m  OK  [0m] Listening on Syslog Socket.
         Starting Journal Service...
         Mounting Huge Pages File System...
[[0;32m  OK  [0m] Reached target User and Group Name Lookups.
[[0;32m  OK  [0m] Listening on fsck to fsckd communication Socket.
         Starting File System Check on Root Device...
[[0;32m  OK  [0m] Listening on LVM2 poll daemon socket.
[[0;32m  OK  [0m] Listening on /dev/initctl Compatibility Named Pipe.
[[0;32m  OK  [0m] Set up automount Arbitrary Executab…rmats File System Automount Point.
[[0;32m  OK  [0m] Reached target Slices.
         Mounting Kernel Debug File System...
[[0;32m  OK  [0m] Started Create list of required sta…vice nodes for the current kernel.
[[0;32m  OK  [0m] Started Uncomplicated firewall.
         Starting Create Static Device Nodes in /dev...
[[0;32m  OK  [0m] Started File System Check Daemon to report status.
[[0;32m  OK  [0m] Started Journal Service.
[    9.669570] Loading iSCSI transport class v2.0-870.
[[0;32m  OK  [0m] Started udev Coldplug all Devices.
[[0;32m  OK  [0m] Started File System Check on Root Device.
         Starting Remount Root and Kernel File Systems...
[[0;32m  OK  [0m] Mounted Kernel Debug File System.
[[0;32m  OK  [0m] Mounted Huge Pages File System.
[[0;32m  OK  [0m] Mounted POSIX Message Queue File System.
[    9.878396] iscsi: registered transport (tcp)
[    9.916355] EXT4-fs (sda1): re-mounted. Opts: (null)
[[0;32m  OK  [0m] Started Remount Root and Kernel File Systems.
[   10.339738] iscsi: registered transport (iser)
         Starting Flush Journal to Persistent Storage...
         Starting Load/Save Random Seed...
[[0;32m  OK  [0m] Started Load Kernel Modules.
[[0;32m  OK  [0m] Started Create Static Device Nodes in /dev.
[[0;32m  OK  [0m] Started LVM2 metadata daemon.
         Starting udev Kernel Device Manager...
         Mounting Kernel Configuration File System...
         Starting Apply Kernel Variables...
         Mounting FUSE Control File System...
[[0;32m  OK  [0m] Mounted Kernel Configuration File System.
[[0;32m  OK  [0m] Mounted FUSE Control File System.
[   10.377853] systemd-journald[401]: Received request to flush runtime journal from PID 1
[[0;32m  OK  [0m] Started Load/Save Random Seed.
[[0;32m  OK  [0m] Started Set the console keyboard layout.
[[0;32m  OK  [0m] Started udev Kernel Device Manager.
[[0;32m  OK  [0m] Started Dispatch Password Requests to Console Directory Watch.
[[0;32m  OK  [0m] Reached target Local Encrypted Volumes.
[[0;32m  OK  [0m] Started Apply Kernel Variables.
[[0;32m  OK  [0m] Started Monitoring of LVM2 mirrors,…sing dmeventd or progress polling.
[[0;32m  OK  [0m] Reached target Local File Systems (Pre).
[[0;32m  OK  [0m] Reached target Local File Systems.
         Starting Tell Plymouth To Write Out Runtime Data...
         Starting Commit a transient machine-id on disk...
         Starting Set console font and keymap...
         Starting AppArmor initialization...
         Starting ebtables ruleset management...
[[0;32m  OK  [0m] Started Set console font and keymap.
[[0;32m  OK  [0m] Started Flush Journal to Persistent Storage.
         Starting Create Volatile Files and Directories...
[[0;32m  OK  [0m] Started Tell Plymouth To Write Out Runtime Data.
[[0;32m  OK  [0m] Started Commit a transient machine-id on disk.
[[0;32m  OK  [0m] Started Create Volatile Files and Directories.
         Starting Update UTMP about System Boot/Shutdown...
[[0;32m  OK  [0m] Started Update UTMP about System Boot/Shutdown.
[[0;32m  OK  [0m] Started ebtables ruleset management.
[[0;32m  OK  [0m] Found device /dev/ttyS0.
[[0;32m  OK  [0m] Listening on Load/Save RF Kill Switch Status /dev/rfkill Watch.
[[0;32m  OK  [0m] Started AppArmor initialization.
         Starting Load AppArmor profiles managed internally by snapd...
         Starting Initial cloud-init job (pre-networking)...
[[0;32m  OK  [0m] Started Load AppArmor profiles managed internally by snapd.
[   17.057974] cloud-init[564]: Cloud-init v. 22.2-0ubuntu1~18.04.3 running 'init-local' at Wed, 21 Sep 2022 14:39:30 +0000. Up 16.25 seconds.
[[0;32m  OK  [0m] Started Initial cloud-init job (pre-networking).
[[0;32m  OK  [0m] Reached target Network (Pre).
         Starting Network Service...
[[0;32m  OK  [0m] Started Network Service.
         Starting Network Name Resolution...
         Starting Wait for Network to be Configured...
[[0;32m  OK  [0m] Started Network Name Resolution.
[[0;32m  OK  [0m] Reached target Network.
[[0;32m  OK  [0m] Reached target Host and Network Name Lookups.
[[0;32m  OK  [0m] Started Wait for Network to be Configured.
         Starting Initial cloud-init job (metadata service crawler)...
[   19.540193] cloud-init[707]: Cloud-init v. 22.2-0ubuntu1~18.04.3 running 'init' at Wed, 21 Sep 2022 14:39:33 +0000. Up 19.29 seconds.
[   19.541409] cloud-init[707]: ci-info: ++++++++++++++++++++++++++++++++++++++Net device info++++++++++++++++++++++++++++++++++++++
[   19.542797] cloud-init[707]: ci-info: +--------+-------+---------------------------+---------------+--------+-------------------+
[   19.544129] cloud-init[707]: ci-info: | Device |   Up  |          Address          |      Mask     | Scope  |     Hw-Address    |
[   19.545556] cloud-init[707]: ci-info: +--------+-------+---------------------------+---------------+--------+-------------------+
[   19.547008] cloud-init[707]: ci-info: | enp0s3 |  True |         10.0.2.15         | 255.255.255.0 | global | 02:de:0f:a2:7f:32 |
[   19.548333] cloud-init[707]: ci-info: | enp0s3 |  True | fe80::de:fff:fea2:7f32/64 |       .       |  link  | 02:de:0f:a2:7f:32 |
[   19.549636] cloud-init[707]: ci-info: | enp0s8 | False |             .             |       .       |   .    | 08:00:27:e6:db:56 |
[   19.550921] cloud-init[707]: ci-info: |   lo   |  True |         127.0.0.1         |   255.0.0.0   |  host  |         .         |
[   19.552241] cloud-init[707]: ci-info: |   lo   |  True |          ::1/128          |       .       |  host  |         .         |
[   19.553681] cloud-init[707]: ci-info: +--------+-------+---------------------------+---------------+--------+-------------------+
[   19.555337] cloud-init[707]: ci-info: ++++++++++++++++++++++++++++Route IPv4 info+++++++++++++++++++++++++++++
[   19.556775] cloud-init[707]: ci-info: +-------+-------------+----------+-----------------+-----------+-------+
[   19.558216] cloud-init[707]: ci-info: | Route | Destination | Gateway  |     Genmask     | Interface | Flags |
[   19.559789] cloud-init[707]: ci-info: +-------+-------------+----------+-----------------+-----------+-------+
[   19.561227] cloud-init[707]: ci-info: |   0   |   0.0.0.0   | 10.0.2.2 |     0.0.0.0     |   enp0s3  |   UG  |
[   19.562506] cloud-init[707]: ci-info: |   1   |   10.0.2.0  | 0.0.0.0  |  255.255.255.0  |   enp0s3  |   U   |
[   19.564095] cloud-init[707]: ci-info: |   2   |   10.0.2.2  | 0.0.0.0  | 255.255.255.255 |   enp0s3  |   UH  |
[   19.565496] cloud-init[707]: ci-info: +-------+-------------+----------+-----------------+-----------+-------+
[   19.567029] cloud-init[707]: ci-info: +++++++++++++++++++Route IPv6 info+++++++++++++++++++
[   19.568300] cloud-init[707]: ci-info: +-------+-------------+---------+-----------+-------+
[   19.569568] cloud-init[707]: ci-info: | Route | Destination | Gateway | Interface | Flags |
[   19.570862] cloud-init[707]: ci-info: +-------+-------------+---------+-----------+-------+
[   19.571729] cloud-init[707]: ci-info: |   1   |  fe80::/64  |    ::   |   enp0s3  |   U   |
[   19.572780] cloud-init[707]: ci-info: |   3   |    local    |    ::   |   enp0s3  |   U   |
[   19.573827] cloud-init[707]: ci-info: |   4   |   ff00::/8  |    ::   |   enp0s3  |   U   |
[   19.574916] cloud-init[707]: ci-info: +-------+-------------+---------+-----------+-------+
[   21.026255] cloud-init[707]: Generating public/private rsa key pair.
[   21.027577] cloud-init[707]: Your identification has been saved in /etc/ssh/ssh_host_rsa_key.
[   21.029274] cloud-init[707]: Your public key has been saved in /etc/ssh/ssh_host_rsa_key.pub.
[   21.030851] cloud-init[707]: The key fingerprint is:
[   21.031937] cloud-init[707]: SHA256:rWE4/SFH6T4aF49CE1fWbrqFjKFgQQKE2yxd9vIq1Y4 root@ubuntu-bionic
[   21.033696] cloud-init[707]: The key's randomart image is:
[   21.034802] cloud-init[707]: +---[RSA 2048]----+
[   21.035886] cloud-init[707]: | oo....     o.   |
[   21.037000] cloud-init[707]: |.   o..    +  .  |
[   21.038146] cloud-init[707]: | = o . .. +  .   |
[   21.039239] cloud-init[707]: |o + . +o *.   o  |
[   21.040240] cloud-init[707]: | .   =o.S.*+ +   |
[   21.041254] cloud-init[707]: |    . o+.O.=+ .  |
[   21.042284] cloud-init[707]: |   . +  + * .o   |
[   21.043320] cloud-init[707]: |  . E .  = ..    |
[   21.044236] cloud-init[707]: |   .    .        |
[   21.045097] cloud-init[707]: +----[SHA256]-----+
[   21.045920] cloud-init[707]: Generating public/private dsa key pair.
[   21.047399] cloud-init[707]: Your identification has been saved in /etc/ssh/ssh_host_dsa_key.
[   21.049694] cloud-init[707]: Your public key has been saved in /etc/ssh/ssh_host_dsa_key.pub.
[   21.051614] cloud-init[707]: The key fingerprint is:
[   21.052781] cloud-init[707]: SHA256:W5AllwynTV3Ikg+KdV0trGfri36FOZs9nDFX4GP5Kpc root@ubuntu-bionic
[   21.054465] cloud-init[707]: The key's randomart image is:
[   21.055715] cloud-init[707]: +---[DSA 1024]----+
[   21.056813] cloud-init[707]: |        oo=* =o. |
[   21.057905] cloud-init[707]: |        .XB = + .|
[   21.058896] cloud-init[707]: |       o+o.+ o + |
[   21.059935] cloud-init[707]: |      . ..  o B .|
[   21.060815] cloud-init[707]: |        S .  + *.|
[   21.061507] cloud-init[707]: |         o    =o+|
[   21.062168] cloud-init[707]: |        .    ..O=|
[   21.062814] cloud-init[707]: |            ..E+.|
[   21.063444] cloud-init[707]: |           .o+...|
[   21.064185] cloud-init[707]: +----[SHA256]-----+
[   21.064946] cloud-init[707]: Generating public/private ecdsa key pair.
[   21.065900] cloud-init[707]: Your identification has been saved in /etc/ssh/ssh_host_ecdsa_key.
[   21.067035] cloud-init[707]: Your public key has been saved in /etc/ssh/ssh_host_ecdsa_key.pub.
[   21.068120] cloud-init[707]: The key fingerprint is:
[   21.068819] cloud-init[707]: SHA256:xtVNxne5IK24KYhivODsjcNbCFYsVi8gIGMS7HMFCWw root@ubuntu-bionic
[   21.070178] cloud-init[707]: The key's randomart image is:
[   21.071183] cloud-init[707]: +---[ECDSA 256]---+
[   21.072062] cloud-init[707]: |@=.oo       ..o .|
[   21.073078] cloud-init[707]: |=E+...     o *..o|
[   21.074152] cloud-init[707]: |oo +..    o + o.o|
[[0;32m  OK  [0m] Started Initial cloud-init job (metadata service crawler).
[[0;32m  OK  [0m] Reached target Network is Online.
[   21.093812] cloud-init[707]: |.oo..  . o .   . |
[   21.096061] cloud-init[707]: |o.o . . S o      |
[   21.096708] cloud-init[707]: |++.. . o o       |
[   21.097339] cloud-init[707]: |*.o.    .        |
[   21.098041] cloud-init[707]: | *+              |
[   21.098776] cloud-init[707]: |.+o.             |
[   21.099418] cloud-init[707]: +----[SHA256]-----+
[   21.100160] cloud-init[707]: Generating public/private ed25519 key pair.
[[0;32m  OK  [0m] Reached target Remote File Systems (Pre).
[[0;32m  OK  [0m] Reached target Remote File Systems.
[   21.103232] cloud-init[707]: Your identification has been saved in /etc/ssh/ssh_host_ed25519_key.
[   21.106562] cloud-init[707]: Your public key has been saved in /etc/ssh/ssh_host_ed25519_key.pub.
[   21.107498] cloud-init[707]: The key fingerprint is:
[   21.108192] cloud-init[707]: SHA256:+gNPhsbS9OdJPe8ecMVZ28hoNdiCvR2igQ7MdugGsBw root@ubuntu-bionic
         Starting Availability of block devices...
[   21.113460] [[0;32m  OK  [0m] Reached target Cloud-config availability.
[[0;32m  OK  [0m] Reached target System Initialization.
[[0;32m  OK  [0m] Started Message of the Day.
[[0;32m  OK  [0m] Listening on ACPID Listen Socket.
[cloud-init[707]: [0;32m  OK  [0m] Listening on cloud-init hotplug hook socket.
The key's randomart image is:
[   21.118995] cloud-init[707]: +--[ED25519 256]--+
[   21.120289] cloud-init[707]: |  E. o . . o oo .|
[   21.121331] cloud-init[707]: | . o. * o o =+o+=|
[   21.122182] cloud-init[707]: |  o  + +   oo=o++|
[   21.123087] cloud-init[707]: |      + . ... .. |
[   21.124217] cloud-init[707]: |     = oS  .. .  |
[   21.125077] cloud-init[707]: |    . *.+ o oo   |
[   21.125859] cloud-init[707]: |     o.= + . o.  |
[   21.126971] cloud-init[707]: |       .o o   .. |
[   21.128307] cloud-init[707]: |        ..   oo  |         Starting LXD - unix socket.
[[0;32m  OK  [0m] Listening on D-Bus System Message Bus Socket.
[[0;32m  OK  [0m] Started Discard unused blocks once a week.
[[0;32m  OK  [0m] Listening on UUID daemon activation socket.
[[0;32m  OK  [0m] Started Ubuntu Advantage Timer for running repeated jobs.

[[0;32m  OK  [0m] Started ACPI Events Check.
[   21.144665] [[0;32m  OK  [0m] Started Daily Cleanup of Temporary Directories.
[[0;32m  OK  [0m] Listening on Open-iSCSI iscsid Socket.
[[0;32m  OK  [0m] Reached target Paths.
cloud-init         Starting Socket activation for snappy daemon.
[[0;32m  OK  [0m] Started Daily apt download activities.
[[0;32m  OK  [0m] Started Daily apt upgrade and clean activities.
[[0;32m  OK  [0m] Reached target Timers.
[707]: [[0;32m  OK  [0m] Started Availability of block devices.
[[0;32m  OK  [0m] Listening on LXD - unix socket.
+----[SHA256]-----+
[[0;32m  OK  [0m] Listening on Socket activation for snappy daemon.
[[0;32m  OK  [0m] Reached target Sockets.
[[0;32m  OK  [0m] Reached target Basic System.
[[0;32m  OK  [0m] Started Regular background program processing daemon.
         Starting Login Service...
         Starting LSB: Record successful boot for GRUB...
         Starting LXD - container startup/shutdown...
[[0;32m  OK  [0m] Started D-Bus System Message Bus.
         Starting Dispatcher daemon for systemd-networkd...
         Starting Virtualbox guest utils...
         Starting Pollinate to seed the pseudo random number generator...
         Starting System Logging Service...
         Starting Permit User Sessions...
[[0;32m  OK  [0m] Started FUSE filesystem for LXC.
         Starting Snap Daemon...
[[0;32m  OK  [0m] Started Deferred execution scheduler.
         Starting LSB: automatic crash report generation...
[[0;32m  OK  [0m] Started irqbalance daemon.
         Starting Accounts Service...
[[0;32m  OK  [0m] Started Permit User Sessions.
[[0;32m  OK  [0m] Started Login Service.
[[0;32m  OK  [0m] Started Unattended Upgrades Shutdown.
         Starting Hold until boot process finishes up...
         Starting Terminate Plymouth Boot Screen...
[[0;32m  OK  [0m] Started Hold until boot process finishes up.
         Starting Set console scheme...
[[0;32m  OK  [0m] Started Serial Getty on ttyS0.
[[0;32m  OK  [0m] Started Terminate Plymouth Boot Screen.
[[0;32m  OK  [0m] Started System Logging Service.
[[0;32m  OK  [0m] Started Set console scheme.
[[0;32m  OK  [0m] Created slice system-getty.slice.
[[0;32m  OK  [0m] Started Getty on tty1.
[[0;32m  OK  [0m] Reached target Login Prompts.
[[0;32m  OK  [0m] Started LSB: automatic crash report generation.
         Starting Authorization Manager...
[[0;32m  OK  [0m] Started LSB: Record successful boot for GRUB.
[[0;32m  OK  [0m] Started Virtualbox guest utils.
[[0;32m  OK  [0m] Started Authorization Manager.
[[0;32m  OK  [0m] Started Accounts Service.
[[0;32m  OK  [0m] Started LXD - container startup/shutdown.
[[0;32m  OK  [0m] Started Dispatcher daemon for systemd-networkd.
[[0;32m  OK  [0m] Started Snap Daemon.
         Starting Wait until snapd is fully seeded...
         Starting Time & Date Service...
[[0;32m  OK  [0m] Started Time & Date Service.
[[0;32m  OK  [0m] Started Pollinate to seed the pseudo random number generator.
         Starting OpenBSD Secure Shell server...
[[0;32m  OK  [0m] Started OpenBSD Secure Shell server.

Ubuntu 18.04.6 LTS ubuntu-bionic ttyS0

ubuntu-bionic login: [   32.821174] cloud-init[1389]: Cloud-init v. 22.2-0ubuntu1~18.04.3 running 'modules:config' at Wed, 21 Sep 2022 14:39:41 +0000. Up 28.10 seconds.
ci-info: no authorized SSH keys fingerprints found for user ubuntu.
<14>Sep 21 14:39:48 cloud-init: #############################################################
<14>Sep 21 14:39:48 cloud-init: -----BEGIN SSH HOST KEY FINGERPRINTS-----
<14>Sep 21 14:39:48 cloud-init: 1024 SHA256:W5AllwynTV3Ikg+KdV0trGfri36FOZs9nDFX4GP5Kpc root@ubuntu-bionic (DSA)
<14>Sep 21 14:39:48 cloud-init: 256 SHA256:xtVNxne5IK24KYhivODsjcNbCFYsVi8gIGMS7HMFCWw root@ubuntu-bionic (ECDSA)
<14>Sep 21 14:39:48 cloud-init: 256 SHA256:+gNPhsbS9OdJPe8ecMVZ28hoNdiCvR2igQ7MdugGsBw root@ubuntu-bionic (ED25519)
<14>Sep 21 14:39:48 cloud-init: 2048 SHA256:rWE4/SFH6T4aF49CE1fWbrqFjKFgQQKE2yxd9vIq1Y4 root@ubuntu-bionic (RSA)
<14>Sep 21 14:39:48 cloud-init: -----END SSH HOST KEY FINGERPRINTS-----
<14>Sep 21 14:39:48 cloud-init: #############################################################
-----BEGIN SSH HOST KEY KEYS-----
ecdsa-sha2-nistp256 AAAAE2VjZHNhLXNoYTItbmlzdHAyNTYAAAAIbmlzdHAyNTYAAABBBEn0mUEafXjhf9OuUVygt1jVNCDtnQtjtYvv45dk7JEWwriq9GB9CxIlnKOg/hKJj8T0XmXhLbL7e7R1nLE3554= root@ubuntu-bionic
ssh-ed25519 AAAAC3NzaC1lZDI1NTE5AAAAILvfj+vhw3SsevAtnzC5FQtRxs9plNECpPOsBtDoy7QT root@ubuntu-bionic
ssh-rsa AAAAB3NzaC1yc2EAAAADAQABAAABAQDc9H9shY5Inv6uM3fwn7iTYBpC/8SAc5STflxP9evkwooBSxaOFQ5e1qOAkzi5P9JfqtQAyb7R2HHJDq28KeQG+weq2BmU0QdaEuTHO/xb/jURKs5Na+6wq48br4NXGXQJ/rPTcuL3gqjfZNADM0+WUggn5B6dFkYGTtQ9u3kE0elTzLNPr2n36CLS9ofOhynkqSNfNmLGQLP3TafeqvfHVBMrHxpabJgUSYsZL3KxzILy+y7+eijgchleCEuPiebsA9TnQsiDRouHX9ZmhsxDLHZfKi/5/f6VW57bKKCurigwuvy/lxTJghriJu2JygX5mGkI+C+HvQ5AYX7ooLFP root@ubuntu-bionic
-----END SSH HOST KEY KEYS-----
[   35.177956] cloud-init[1489]: Cloud-init v. 22.2-0ubuntu1~18.04.3 running 'modules:final' at Wed, 21 Sep 2022 14:39:47 +0000. Up 33.45 seconds.
[   35.180310] cloud-init[1489]: Cloud-init v. 22.2-0ubuntu1~18.04.3 finished at Wed, 21 Sep 2022 14:39:48 +0000. Datasource DataSourceNoCloud [seed=/dev/sdb][dsmode=net].  Up 35.14 seconds
